--- LOADING PROGRAM ---
--- LOADED ---
--- MEMORY DUMP ---
200: 00e0
202: a22a
204: 600c
206: 6108
208: d01f
20a: 7009
20c: a239
20e: d01f
210: a248
212: 7008
214: d01f
216: 7004
218: a257
21a: d01f
21c: 7008
21e: a266
220: d01f
222: 7008
224: a275
226: d01f
228: 1228
22a: ff00
22c: ff00
22e: 3c00
230: 3c00
232: 3c00
234: 3c00
236: ff00
238: ffff
23a: 00ff
23c: 0038
23e: 003f
240: 003f
242: 0038
244: 00ff
246: 00ff
248: 8000
24a: e000
24c: e000
24e: 8000
250: 8000
252: e000
254: e000
256: 80f8
258: 00fc
25a: 003e
25c: 003f
25e: 003b
260: 0039
262: 00f8
264: 00f8
266: 0300
268: 0700
26a: 0f00
26c: bf00
26e: fb00
270: f300
272: e300
274: 43e0
276: 00e0
278: 0080
27a: 0080
27c: 0080
27e: 0080
280: 00e0
282: 00e0
--- RUN PROGRAM ---
Step: 0 [registers=[0, 0, 0, 0, 0, 0, 0, 0, 0, 0, 0, 0, 0, 0, 0, 0], programCounter=0x200, opcode=0xe0, indexRegister=0x0, stackPointer=0x0, delayTimer=0x0, soundTimer=0x0]
Step: 1 [registers=[0, 0, 0, 0, 0, 0, 0, 0, 0, 0, 0, 0, 0, 0, 0, 0], programCounter=0x202, opcode=0xa22a, indexRegister=0x0, stackPointer=0x0, delayTimer=0x0, soundTimer=0x0]
Step: 2 [registers=[0, 0, 0, 0, 0, 0, 0, 0, 0, 0, 0, 0, 0, 0, 0, 0], programCounter=0x204, opcode=0x600c, indexRegister=0x22a, stackPointer=0x0, delayTimer=0x0, soundTimer=0x0]
Step: 3 [registers=[12, 0, 0, 0, 0, 0, 0, 0, 0, 0, 0, 0, 0, 0, 0, 0], programCounter=0x206, opcode=0x6108, indexRegister=0x22a, stackPointer=0x0, delayTimer=0x0, soundTimer=0x0]
Step: 4 [registers=[12, 8, 0, 0, 0, 0, 0, 0, 0, 0, 0, 0, 0, 0, 0, 0], programCounter=0x208, opcode=0xd01f, indexRegister=0x22a, stackPointer=0x0, delayTimer=0x0, soundTimer=0x0]
Step: 5 [registers=[12, 8, 0, 0, 0, 0, 0, 0, 0, 0, 0, 0, 0, 0, 0, 0], programCounter=0x20a, opcode=0x7009, indexRegister=0x22a, stackPointer=0x0, delayTimer=0x0, soundTimer=0x0]
Step: 6 [registers=[21, 8, 0, 0, 0, 0, 0, 0, 0, 0, 0, 0, 0, 0, 0, 0], programCounter=0x20c, opcode=0xa239, indexRegister=0x22a, stackPointer=0x0, delayTimer=0x0, soundTimer=0x0]
Step: 7 [registers=[21, 8, 0, 0, 0, 0, 0, 0, 0, 0, 0, 0, 0, 0, 0, 0], programCounter=0x20e, opcode=0xd01f, indexRegister=0x239, stackPointer=0x0, delayTimer=0x0, soundTimer=0x0]
Step: 8 [registers=[21, 8, 0, 0, 0, 0, 0, 0, 0, 0, 0, 0, 0, 0, 0, 0], programCounter=0x210, opcode=0xa248, indexRegister=0x239, stackPointer=0x0, delayTimer=0x0, soundTimer=0x0]
Step: 9 [registers=[21, 8, 0, 0, 0, 0, 0, 0, 0, 0, 0, 0, 0, 0, 0, 0], programCounter=0x212, opcode=0x7008, indexRegister=0x248, stackPointer=0x0, delayTimer=0x0, soundTimer=0x0]
Step: 10 [registers=[29, 8, 0, 0, 0, 0, 0, 0, 0, 0, 0, 0, 0, 0, 0, 0], programCounter=0x214, opcode=0xd01f, indexRegister=0x248, stackPointer=0x0, delayTimer=0x0, soundTimer=0x0]
Step: 11 [registers=[29, 8, 0, 0, 0, 0, 0, 0, 0, 0, 0, 0, 0, 0, 0, 0], programCounter=0x216, opcode=0x7004, indexRegister=0x248, stackPointer=0x0, delayTimer=0x0, soundTimer=0x0]
Step: 12 [registers=[33, 8, 0, 0, 0, 0, 0, 0, 0, 0, 0, 0, 0, 0, 0, 0], programCounter=0x218, opcode=0xa257, indexRegister=0x248, stackPointer=0x0, delayTimer=0x0, soundTimer=0x0]
Step: 13 [registers=[33, 8, 0, 0, 0, 0, 0, 0, 0, 0, 0, 0, 0, 0, 0, 0], programCounter=0x21a, opcode=0xd01f, indexRegister=0x257, stackPointer=0x0, delayTimer=0x0, soundTimer=0x0]
Step: 14 [registers=[33, 8, 0, 0, 0, 0, 0, 0, 0, 0, 0, 0, 0, 0, 0, 0], programCounter=0x21c, opcode=0x7008, indexRegister=0x257, stackPointer=0x0, delayTimer=0x0, soundTimer=0x0]
Step: 15 [registers=[41, 8, 0, 0, 0, 0, 0, 0, 0, 0, 0, 0, 0, 0, 0, 0], programCounter=0x21e, opcode=0xa266, indexRegister=0x257, stackPointer=0x0, delayTimer=0x0, soundTimer=0x0]
Step: 16 [registers=[41, 8, 0, 0, 0, 0, 0, 0, 0, 0, 0, 0, 0, 0, 0, 0], programCounter=0x220, opcode=0xd01f, indexRegister=0x266, stackPointer=0x0, delayTimer=0x0, soundTimer=0x0]
Step: 17 [registers=[41, 8, 0, 0, 0, 0, 0, 0, 0, 0, 0, 0, 0, 0, 0, 0], programCounter=0x222, opcode=0x7008, indexRegister=0x266, stackPointer=0x0, delayTimer=0x0, soundTimer=0x0]
Step: 18 [registers=[49, 8, 0, 0, 0, 0, 0, 0, 0, 0, 0, 0, 0, 0, 0, 0], programCounter=0x224, opcode=0xa275, indexRegister=0x266, stackPointer=0x0, delayTimer=0x0, soundTimer=0x0]
Step: 19 [registers=[49, 8, 0, 0, 0, 0, 0, 0, 0, 0, 0, 0, 0, 0, 0, 0], programCounter=0x226, opcode=0xd01f, indexRegister=0x275, stackPointer=0x0, delayTimer=0x0, soundTimer=0x0]
Step: 20 [registers=[49, 8, 0, 0, 0, 0, 0, 0, 0, 0, 0, 0, 0, 0, 0, 0], programCounter=0x228, opcode=0x1228, indexRegister=0x275, stackPointer=0x0, delayTimer=0x0, soundTimer=0x0]
Step: 21 [registers=[49, 8, 0, 0, 0, 0, 0, 0, 0, 0, 0, 0, 0, 0, 0, 0], programCounter=0x228, opcode=0x1228, indexRegister=0x275, stackPointer=0x0, delayTimer=0x0, soundTimer=0x0]
--- END PROGRAM ---
--- SCREEN DUMP ---
                                                                
                                                                
                                                                
                                                                
                                                                
                                                                
                                                                
                                                                
            ######## #########   #####         #####            
                                                                
            ######## ########### ######       ######            
                                                                
              ####     ###   ###   #####     #####              
                                                                
              ####     #######     ####### #######              
                                                                
              ####     #######     ### ####### ###              
                                                                
              ####     ###   ###   ###  #####  ###              
                                                                
            ######## ########### #####   ###   #####            
                                                                
            ######## #########   #####    #    #####            
                                                                
                                                                
                                                                
                                                                
                                                                
                                                                
                                                                
                                                                
                                                                

Process finished with exit code 0
